<?xml version="1.0" encoding="UTF-8"?>
<!-- Generated by org.testng.reporters.JUnitReportReporter -->
<testsuite hostname="DESKTOP-2729PLD" failures="0" tests="1" name="guru.springframework.sfgpetclinic.SfgPetClinicApplicationTests" time="0.011" errors="0" timestamp="2022-08-10T23:41:58 WEST" skipped="0">
  <testcase classname="guru.springframework.sfgpetclinic.SfgPetClinicApplicationTests" name="contextLoads" time="0.011"/>
  <system-out/>
</testsuite> <!-- guru.springframework.sfgpetclinic.SfgPetClinicApplicationTests -->
